Arguments: 
  /usr/local/bin/node /usr/local/bin/yarn add strophejs

PATH: 
  /usr/local/bin:/usr/bin:/bin:/usr/sbin:/sbin:export MONO_HOME=/Library/Frameworks/Mono.framework/Versions/5.0.1:export PATH=$PATH:$MONO_HOME/bin:/Library/Frameworks/Mono.framework/Versions/Current/Commands:export PATH=/usr/local/bin:/usr/bin:/bin:/usr/sbin:/sbin:export MONO_HOME=/Library/Frameworks/Mono.framework/Versions/5.0.1:export PATH=$PATH:$MONO_HOME/bin:/Library/Frameworks/Mono.framework/Versions/Current/Commands:/Users/zhenghaiwen/Library/gradle-4.3.1/bin:/bin:/Users/zhenghaiwen/Library/gradle-4.3.1/bin:/Users/zhenghaiwen/Library/gradle-4.3.1/bin

Yarn version: 
  1.12.3

Node version: 
  8.9.3

Platform: 
  darwin x64

Trace: 
  Error: https://registry.npm.taobao.org/strophejs: Not found
      at Request.params.callback [as _callback] (/usr/local/lib/node_modules/yarn/lib/cli.js:65894:18)
      at Request.self.callback (/usr/local/lib/node_modules/yarn/lib/cli.js:129018:22)
      at emitTwo (events.js:126:13)
      at Request.emit (events.js:214:7)
      at Request.<anonymous> (/usr/local/lib/node_modules/yarn/lib/cli.js:129990:10)
      at emitOne (events.js:116:13)
      at Request.emit (events.js:211:7)
      at IncomingMessage.<anonymous> (/usr/local/lib/node_modules/yarn/lib/cli.js:129912:12)
      at Object.onceWrapper (events.js:313:30)
      at emitNone (events.js:111:20)

npm manifest: 
  {
    "name": "pd-oms",
    "version": "1.0.0",
    "description": "A Vue.js project",
    "author": "zhenghaiwen",
    "private": true,
    "scripts": {
      "dev": "webpack-dev-server --inline --progress --config build/webpack.dev.conf.js",
      "start": "npm run dev",
      "lint": "eslint --ext .js,.vue src",
      "build": "node build/build.js"
    },
    "dependencies": {
      "awe-dnd": "^0.3.1",
      "axios": "^0.18.0",
      "crypto": "^1.0.1",
      "crypto-js": "^3.1.9-1",
      "d3": "^5.7.0",
      "dns": "^0.2.2",
      "easemob-websdk": "^1.8.3",
      "echarts": "^4.2.0-rc.1",
      "es6-promise": "^4.2.5",
      "express": "^4.16.4",
      "iview": "^2.13.0",
      "less": "^3.0.1",
      "mysql": "^2.16.0",
      "qrcode": "^1.2.0",
      "qrcodejs2": "0.0.2",
      "request": "^2.88.0",
      "strophe.js": "^1.3.0",
      "stylus": "^0.54.5",
      "stylus-loader": "^3.0.2",
      "underscore": "^1.9.1",
      "vue": "^2.5.2",
      "vue-router": "^3.0.1",
      "vue-simple-uploader": "^0.5.4",
      "vue-worker": "^1.2.1",
      "vuex": "^3.0.1",
      "vuex-persistedstate": "^2.5.4"
    },
    "devDependencies": {
      "autoprefixer": "^7.1.2",
      "babel-core": "^6.22.1",
      "babel-eslint": "^8.2.1",
      "babel-helper-vue-jsx-merge-props": "^2.0.3",
      "babel-loader": "^7.1.1",
      "babel-plugin-syntax-jsx": "^6.18.0",
      "babel-plugin-transform-runtime": "^6.22.0",
      "babel-plugin-transform-vue-jsx": "^3.5.0",
      "babel-preset-env": "^1.3.2",
      "babel-preset-stage-2": "^6.22.0",
      "chalk": "^2.0.1",
      "connect-multiparty": "^1.0.4",
      "copy-webpack-plugin": "^4.0.1",
      "css-loader": "^0.28.11",
      "eslint": "^4.15.0",
      "eslint-config-standard": "^10.2.1",
      "eslint-friendly-formatter": "^3.0.0",
      "eslint-loader": "^1.7.1",
      "eslint-plugin-import": "^2.7.0",
      "eslint-plugin-node": "^5.2.0",
      "eslint-plugin-promise": "^3.4.0",
      "eslint-plugin-standard": "^3.0.1",
      "eslint-plugin-vue": "^4.0.0",
      "extract-text-webpack-plugin": "^3.0.0",
      "file-loader": "^1.1.4",
      "friendly-errors-webpack-plugin": "^1.6.1",
      "html-webpack-plugin": "^2.30.1",
      "less-loader": "^4.1.0",
      "node-notifier": "^5.1.2",
      "optimize-css-assets-webpack-plugin": "^3.2.0",
      "ora": "^1.2.0",
      "portfinder": "^1.0.13",
      "postcss-import": "^11.0.0",
      "postcss-loader": "^2.0.8",
      "postcss-url": "^7.2.1",
      "rimraf": "^2.6.0",
      "semver": "^5.3.0",
      "shelljs": "^0.7.6",
      "style-loader": "^0.20.3",
      "uglifyjs-webpack-plugin": "^1.1.1",
      "url-loader": "^0.5.8",
      "vue-lazyload": "^1.2.3",
      "vue-loader": "^13.3.0",
      "vue-resource": "^1.5.1",
      "vue-style-loader": "^3.0.1",
      "vue-template-compiler": "^2.5.2",
      "webpack": "^3.6.0",
      "webpack-bundle-analyzer": "^2.9.0",
      "webpack-dev-server": "^2.9.1",
      "webpack-merge": "^4.1.0"
    },
    "engines": {
      "node": ">= 6.0.0",
      "npm": ">= 3.0.0"
    },
    "browserslist": [
      "> 1%",
      "last 2 versions",
      "not ie <= 8"
    ]
  }

yarn manifest: 
  No manifest

Lockfile: 
  No lockfile
